nohup: ignorando entrada

  .   ____          _            __ _ _
 /\\ / ___'_ __ _ _(_)_ __  __ _ \ \ \ \
( ( )\___ | '_ | '_| | '_ \/ _` | \ \ \ \
 \\/  ___)| |_)| | | | | || (_| |  ) ) ) )
  '  |____| .__|_| |_|_| |_\__, | / / / /
 =========|_|==============|___/=/_/_/_/
 :: Spring Boot ::                (v3.2.4)

2026-02-17T00:46:45.112-03:00  INFO 26800 --- [chatbot-platform-skeleton] [           main] c.b.c.ChatbotPlatformSkeletonApplication : Starting ChatbotPlatformSkeletonApplication v0.0.1-SNAPSHOT using Java 17.0.18 with PID 26800 (/home/robertojr/chatbot-platform-skeleton/target/chatbot-platform-skeleton-0.0.1-SNAPSHOT.jar started by robertojr in /home/robertojr/chatbot-platform-skeleton)
2026-02-17T00:46:45.142-03:00  INFO 26800 --- [chatbot-platform-skeleton] [           main] c.b.c.ChatbotPlatformSkeletonApplication : No active profile set, falling back to 1 default profile: "default"
2026-02-17T00:46:46.356-03:00  INFO 26800 --- [chatbot-platform-skeleton] [           main] .s.d.r.c.RepositoryConfigurationDelegate : Bootstrapping Spring Data JPA repositories in DEFAULT mode.
2026-02-17T00:46:46.468-03:00  INFO 26800 --- [chatbot-platform-skeleton] [           main] .s.d.r.c.RepositoryConfigurationDelegate : Finished Spring Data repository scanning in 101 ms. Found 3 JPA repository interfaces.
2026-02-17T00:46:47.325-03:00  INFO 26800 --- [chatbot-platform-skeleton] [           main] o.s.b.w.embedded.tomcat.TomcatWebServer  : Tomcat initialized with port 8080 (http)
2026-02-17T00:46:47.342-03:00  INFO 26800 --- [chatbot-platform-skeleton] [           main] o.apache.catalina.core.StandardService   : Starting service [Tomcat]
2026-02-17T00:46:47.342-03:00  INFO 26800 --- [chatbot-platform-skeleton] [           main] o.apache.catalina.core.StandardEngine    : Starting Servlet engine: [Apache Tomcat/10.1.19]
2026-02-17T00:46:47.402-03:00  INFO 26800 --- [chatbot-platform-skeleton] [           main] o.a.c.c.C.[Tomcat].[localhost].[/]       : Initializing Spring embedded WebApplicationContext
2026-02-17T00:46:47.404-03:00  INFO 26800 --- [chatbot-platform-skeleton] [           main] w.s.c.ServletWebServerApplicationContext : Root WebApplicationContext: initialization completed in 2111 ms
2026-02-17T00:46:47.570-03:00  INFO 26800 --- [chatbot-platform-skeleton] [           main] com.zaxxer.hikari.HikariDataSource       : HikariPool-1 - Starting...
2026-02-17T00:46:47.838-03:00  INFO 26800 --- [chatbot-platform-skeleton] [           main] com.zaxxer.hikari.pool.HikariPool        : HikariPool-1 - Added connection conn0: url=jdbc:h2:mem:chatbotdb user=SA
2026-02-17T00:46:47.840-03:00  INFO 26800 --- [chatbot-platform-skeleton] [           main] com.zaxxer.hikari.HikariDataSource       : HikariPool-1 - Start completed.
2026-02-17T00:46:47.953-03:00  INFO 26800 --- [chatbot-platform-skeleton] [           main] o.f.c.internal.license.VersionPrinter    : Flyway Community Edition 9.22.3 by Redgate
2026-02-17T00:46:47.953-03:00  INFO 26800 --- [chatbot-platform-skeleton] [           main] o.f.c.internal.license.VersionPrinter    : See release notes here: https://rd.gt/416ObMi
2026-02-17T00:46:47.953-03:00  INFO 26800 --- [chatbot-platform-skeleton] [           main] o.f.c.internal.license.VersionPrinter    : 
2026-02-17T00:46:47.956-03:00  WARN 26800 --- [chatbot-platform-skeleton] [           main] o.flywaydb.core.internal.util.Locations  : Discarding duplicate location 'classpath:db/migrations'
2026-02-17T00:46:48.022-03:00  INFO 26800 --- [chatbot-platform-skeleton] [           main] org.flywaydb.core.FlywayExecutor         : Database: jdbc:h2:mem:chatbotdb (H2 2.2)
2026-02-17T00:46:48.038-03:00  WARN 26800 --- [chatbot-platform-skeleton] [           main] o.f.c.internal.database.base.Database    : Flyway upgrade recommended: H2 2.2.224 is newer than this version of Flyway and support has not been tested. The latest supported version of H2 is 2.2.220.
2026-02-17T00:46:48.069-03:00  INFO 26800 --- [chatbot-platform-skeleton] [           main] o.f.c.i.s.JdbcTableSchemaHistory         : Schema history table "PUBLIC"."flyway_schema_history" does not exist yet
2026-02-17T00:46:48.074-03:00  INFO 26800 --- [chatbot-platform-skeleton] [           main] o.f.core.internal.command.DbValidate     : Successfully validated 0 migrations (execution time 00:00.015s)
2026-02-17T00:46:48.075-03:00  WARN 26800 --- [chatbot-platform-skeleton] [           main] o.f.core.internal.command.DbValidate     : No migrations found. Are your locations set up correctly?
2026-02-17T00:46:48.084-03:00  INFO 26800 --- [chatbot-platform-skeleton] [           main] o.f.c.i.s.JdbcTableSchemaHistory         : Creating Schema History table "PUBLIC"."flyway_schema_history" ...
2026-02-17T00:46:48.128-03:00  INFO 26800 --- [chatbot-platform-skeleton] [           main] o.f.core.internal.command.DbMigrate      : Current version of schema "PUBLIC": << Empty Schema >>
2026-02-17T00:46:48.133-03:00  INFO 26800 --- [chatbot-platform-skeleton] [           main] o.f.core.internal.command.DbMigrate      : Schema "PUBLIC" is up to date. No migration necessary.
2026-02-17T00:46:48.260-03:00  INFO 26800 --- [chatbot-platform-skeleton] [           main] o.hibernate.jpa.internal.util.LogHelper  : HHH000204: Processing PersistenceUnitInfo [name: default]
2026-02-17T00:46:48.346-03:00  INFO 26800 --- [chatbot-platform-skeleton] [           main] org.hibernate.Version                    : HHH000412: Hibernate ORM core version 6.4.4.Final
2026-02-17T00:46:48.398-03:00  INFO 26800 --- [chatbot-platform-skeleton] [           main] o.h.c.internal.RegionFactoryInitiator    : HHH000026: Second-level cache disabled
2026-02-17T00:46:48.711-03:00  INFO 26800 --- [chatbot-platform-skeleton] [           main] o.s.o.j.p.SpringPersistenceUnitInfo      : No LoadTimeWeaver setup: ignoring JPA class transformer
2026-02-17T00:46:48.770-03:00  WARN 26800 --- [chatbot-platform-skeleton] [           main] org.hibernate.orm.deprecation            : HHH90000025: H2Dialect does not need to be specified explicitly using 'hibernate.dialect' (remove the property setting and it will be selected by default)
2026-02-17T00:46:49.926-03:00  INFO 26800 --- [chatbot-platform-skeleton] [           main] o.h.e.t.j.p.i.JtaPlatformInitiator       : HHH000489: No JTA platform available (set 'hibernate.transaction.jta.platform' to enable JTA platform integration)
2026-02-17T00:46:49.980-03:00  INFO 26800 --- [chatbot-platform-skeleton] [           main] j.LocalContainerEntityManagerFactoryBean : Initialized JPA EntityManagerFactory for persistence unit 'default'
2026-02-17T00:46:50.664-03:00  WARN 26800 --- [chatbot-platform-skeleton] [           main] JpaBaseConfiguration$JpaWebConfiguration : spring.jpa.open-in-view is enabled by default. Therefore, database queries may be performed during view rendering. Explicitly configure spring.jpa.open-in-view to disable this warning
2026-02-17T00:46:51.022-03:00  INFO 26800 --- [chatbot-platform-skeleton] [           main] o.s.s.web.DefaultSecurityFilterChain     : Will secure any request with [org.springframework.security.web.session.DisableEncodeUrlFilter@47f4dc8d, org.springframework.security.web.context.request.async.WebAsyncManagerIntegrationFilter@689fcf08, org.springframework.security.web.context.SecurityContextHolderFilter@1ef7e4c7, org.springframework.security.web.header.HeaderWriterFilter@759c53e5, org.springframework.web.filter.CorsFilter@738153d8, org.springframework.security.web.authentication.logout.LogoutFilter@613f48de, com.br.chatbotplatformskeleton.security.JwtFilter@1a3272e0, org.springframework.security.web.savedrequest.RequestCacheAwareFilter@6c0bf8f4, org.springframework.security.web.servletapi.SecurityContextHolderAwareRequestFilter@73476e2d, org.springframework.security.web.authentication.AnonymousAuthenticationFilter@7bc3c59f, org.springframework.security.web.session.SessionManagementFilter@44a1ae4e, org.springframework.security.web.access.ExceptionTranslationFilter@1b83fac3, org.springframework.security.web.access.intercept.AuthorizationFilter@44bd7f24]
2026-02-17T00:46:51.334-03:00  INFO 26800 --- [chatbot-platform-skeleton] [           main] o.s.b.w.embedded.tomcat.TomcatWebServer  : Tomcat started on port 8080 (http) with context path ''
2026-02-17T00:46:51.349-03:00  INFO 26800 --- [chatbot-platform-skeleton] [           main] c.b.c.ChatbotPlatformSkeletonApplication : Started ChatbotPlatformSkeletonApplication in 7.015 seconds (process running for 7.979)
✓ Default admin user created: username=admin, password=admin123
✓ Default test user created: username=user, password=user123
✓ Application initialized successfully!
2026-02-17T00:47:33.186-03:00  INFO 26800 --- [chatbot-platform-skeleton] [nio-8080-exec-2] o.a.c.c.C.[Tomcat].[localhost].[/]       : Initializing Spring DispatcherServlet 'dispatcherServlet'
2026-02-17T00:47:33.187-03:00  INFO 26800 --- [chatbot-platform-skeleton] [nio-8080-exec-2] o.s.web.servlet.DispatcherServlet        : Initializing Servlet 'dispatcherServlet'
2026-02-17T00:47:33.189-03:00  INFO 26800 --- [chatbot-platform-skeleton] [nio-8080-exec-2] o.s.web.servlet.DispatcherServlet        : Completed initialization in 2 ms
2026-02-17T00:47:33.251-03:00  WARN 26800 --- [chatbot-platform-skeleton] [nio-8080-exec-2] .w.s.m.s.DefaultHandlerExceptionResolver : Resolved [org.springframework.web.HttpRequestMethodNotSupportedException: Request method 'GET' is not supported]
2026-02-17T00:47:36.895-03:00  WARN 26800 --- [chatbot-platform-skeleton] [nio-8080-exec-5] .w.s.m.s.DefaultHandlerExceptionResolver : Resolved [org.springframework.web.HttpRequestMethodNotSupportedException: Request method 'GET' is not supported]
2026-02-17T00:49:08.213-03:00  INFO 26800 --- [chatbot-platform-skeleton] [ionShutdownHook] j.LocalContainerEntityManagerFactoryBean : Closing JPA EntityManagerFactory for persistence unit 'default'
2026-02-17T00:49:08.218-03:00  INFO 26800 --- [chatbot-platform-skeleton] [ionShutdownHook] com.zaxxer.hikari.HikariDataSource       : HikariPool-1 - Shutdown initiated...
2026-02-17T00:49:08.225-03:00  INFO 26800 --- [chatbot-platform-skeleton] [ionShutdownHook] com.zaxxer.hikari.HikariDataSource       : HikariPool-1 - Shutdown completed.
