2026-05-03T00:20:27.915-03:00  INFO 75904 --- [chatbot-platform-skeleton] [main] c.b.c.ChatbotPlatformSkeletonApplication : Starting ChatbotPlatformSkeletonApplication using Java 17.0.18 with PID 75904 (/home/robertojr/chatbot-platform-skeleton/target/classes started by robertojr in /home/robertojr/chatbot-platform-skeleton)
2026-05-03T00:20:27.923-03:00 DEBUG 75904 --- [chatbot-platform-skeleton] [main] c.b.c.ChatbotPlatformSkeletonApplication : Running with Spring Boot v3.2.4, Spring v6.1.5
2026-05-03T00:20:27.924-03:00  INFO 75904 --- [chatbot-platform-skeleton] [main] c.b.c.ChatbotPlatformSkeletonApplication : No active profile set, falling back to 1 default profile: "default"
2026-05-03T00:20:29.657-03:00  INFO 75904 --- [chatbot-platform-skeleton] [main] .s.d.r.c.RepositoryConfigurationDelegate : Multiple Spring Data modules found, entering strict repository configuration mode
2026-05-03T00:20:29.660-03:00  INFO 75904 --- [chatbot-platform-skeleton] [main] .s.d.r.c.RepositoryConfigurationDelegate : Bootstrapping Spring Data JPA repositories in DEFAULT mode.
2026-05-03T00:20:29.923-03:00  INFO 75904 --- [chatbot-platform-skeleton] [main] .s.d.r.c.RepositoryConfigurationDelegate : Finished Spring Data repository scanning in 250 ms. Found 16 JPA repository interfaces.
2026-05-03T00:20:29.943-03:00  INFO 75904 --- [chatbot-platform-skeleton] [main] .s.d.r.c.RepositoryConfigurationDelegate : Multiple Spring Data modules found, entering strict repository configuration mode
2026-05-03T00:20:29.945-03:00  INFO 75904 --- [chatbot-platform-skeleton] [main] .s.d.r.c.RepositoryConfigurationDelegate : Bootstrapping Spring Data Redis repositories in DEFAULT mode.
2026-05-03T00:20:29.968-03:00  INFO 75904 --- [chatbot-platform-skeleton] [main] .RepositoryConfigurationExtensionSupport : Spring Data Redis - Could not safely identify store assignment for repository candidate interface com.br.chatbotplatformskeleton.repository.AnalyticsMetricRepository; If you want this repository to be a Redis repository, consider annotating your entities with one of these annotations: org.springframework.data.redis.core.RedisHash (preferred), or consider extending one of the following types with your repository: org.springframework.data.keyvalue.repository.KeyValueRepository
2026-05-03T00:20:29.970-03:00  INFO 75904 --- [chatbot-platform-skeleton] [main] .RepositoryConfigurationExtensionSupport : Spring Data Redis - Could not safely identify store assignment for repository candidate interface com.br.chatbotplatformskeleton.repository.AuditLogRepository; If you want this repository to be a Redis repository, consider annotating your entities with one of these annotations: org.springframework.data.redis.core.RedisHash (preferred), or consider extending one of the following types with your repository: org.springframework.data.keyvalue.repository.KeyValueRepository
2026-05-03T00:20:29.971-03:00  INFO 75904 --- [chatbot-platform-skeleton] [main] .RepositoryConfigurationExtensionSupport : Spring Data Redis - Could not safely identify store assignment for repository candidate interface com.br.chatbotplatformskeleton.repository.BotRepository; If you want this repository to be a Redis repository, consider annotating your entities with one of these annotations: org.springframework.data.redis.core.RedisHash (preferred), or consider extending one of the following types with your repository: org.springframework.data.keyvalue.repository.KeyValueRepository
2026-05-03T00:20:29.971-03:00  INFO 75904 --- [chatbot-platform-skeleton] [main] .RepositoryConfigurationExtensionSupport : Spring Data Redis - Could not safely identify store assignment for repository candidate interface com.br.chatbotplatformskeleton.repository.BotTemplateRepository; If you want this repository to be a Redis repository, consider annotating your entities with one of these annotations: org.springframework.data.redis.core.RedisHash (preferred), or consider extending one of the following types with your repository: org.springframework.data.keyvalue.repository.KeyValueRepository
2026-05-03T00:20:29.971-03:00  INFO 75904 --- [chatbot-platform-skeleton] [main] .RepositoryConfigurationExtensionSupport : Spring Data Redis - Could not safely identify store assignment for repository candidate interface com.br.chatbotplatformskeleton.repository.ConsentLogRepository; If you want this repository to be a Redis repository, consider annotating your entities with one of these annotations: org.springframework.data.redis.core.RedisHash (preferred), or consider extending one of the following types with your repository: org.springframework.data.keyvalue.repository.KeyValueRepository
2026-05-03T00:20:29.972-03:00  INFO 75904 --- [chatbot-platform-skeleton] [main] .RepositoryConfigurationExtensionSupport : Spring Data Redis - Could not safely identify store assignment for repository candidate interface com.br.chatbotplatformskeleton.repository.ConversationMessageRepository; If you want this repository to be a Redis repository, consider annotating your entities with one of these annotations: org.springframework.data.redis.core.RedisHash (preferred), or consider extending one of the following types with your repository: org.springframework.data.keyvalue.repository.KeyValueRepository
2026-05-03T00:20:29.972-03:00  INFO 75904 --- [chatbot-platform-skeleton] [main] .RepositoryConfigurationExtensionSupport : Spring Data Redis - Could not safely identify store assignment for repository candidate interface com.br.chatbotplatformskeleton.repository.ConversationRepository; If you want this repository to be a Redis repository, consider annotating your entities with one of these annotations: org.springframework.data.redis.core.RedisHash (preferred), or consider extending one of the following types with your repository: org.springframework.data.keyvalue.repository.KeyValueRepository
2026-05-03T00:20:29.972-03:00  INFO 75904 --- [chatbot-platform-skeleton] [main] .RepositoryConfigurationExtensionSupport : Spring Data Redis - Could not safely identify store assignment for repository candidate interface com.br.chatbotplatformskeleton.repository.CustomReportRepository; If you want this repository to be a Redis repository, consider annotating your entities with one of these annotations: org.springframework.data.redis.core.RedisHash (preferred), or consider extending one of the following types with your repository: org.springframework.data.keyvalue.repository.KeyValueRepository
2026-05-03T00:20:29.973-03:00  INFO 75904 --- [chatbot-platform-skeleton] [main] .RepositoryConfigurationExtensionSupport : Spring Data Redis - Could not safely identify store assignment for repository candidate interface com.br.chatbotplatformskeleton.repository.DataDeletionRequestRepository; If you want this repository to be a Redis repository, consider annotating your entities with one of these annotations: org.springframework.data.redis.core.RedisHash (preferred), or consider extending one of the following types with your repository: org.springframework.data.keyvalue.repository.KeyValueRepository
2026-05-03T00:20:29.973-03:00  INFO 75904 --- [chatbot-platform-skeleton] [main] .RepositoryConfigurationExtensionSupport : Spring Data Redis - Could not safely identify store assignment for repository candidate interface com.br.chatbotplatformskeleton.repository.DepartmentRepository; If you want this repository to be a Redis repository, consider annotating your entities with one of these annotations: org.springframework.data.redis.core.RedisHash (preferred), or consider extending one of the following types with your repository: org.springframework.data.keyvalue.repository.KeyValueRepository
2026-05-03T00:20:29.973-03:00  INFO 75904 --- [chatbot-platform-skeleton] [main] .RepositoryConfigurationExtensionSupport : Spring Data Redis - Could not safely identify store assignment for repository candidate interface com.br.chatbotplatformskeleton.repository.NotificationRepository; If you want this repository to be a Redis repository, consider annotating your entities with one of these annotations: org.springframework.data.redis.core.RedisHash (preferred), or consider extending one of the following types with your repository: org.springframework.data.keyvalue.repository.KeyValueRepository
2026-05-03T00:20:29.974-03:00  INFO 75904 --- [chatbot-platform-skeleton] [main] .RepositoryConfigurationExtensionSupport : Spring Data Redis - Could not safely identify store assignment for repository candidate interface com.br.chatbotplatformskeleton.repository.RoleRepository; If you want this repository to be a Redis repository, consider annotating your entities with one of these annotations: org.springframework.data.redis.core.RedisHash (preferred), or consider extending one of the following types with your repository: org.springframework.data.keyvalue.repository.KeyValueRepository
2026-05-03T00:20:29.974-03:00  INFO 75904 --- [chatbot-platform-skeleton] [main] .RepositoryConfigurationExtensionSupport : Spring Data Redis - Could not safely identify store assignment for repository candidate interface com.br.chatbotplatformskeleton.repository.TeamRepository; If you want this repository to be a Redis repository, consider annotating your entities with one of these annotations: org.springframework.data.redis.core.RedisHash (preferred), or consider extending one of the following types with your repository: org.springframework.data.keyvalue.repository.KeyValueRepository
2026-05-03T00:20:29.975-03:00  INFO 75904 --- [chatbot-platform-skeleton] [main] .RepositoryConfigurationExtensionSupport : Spring Data Redis - Could not safely identify store assignment for repository candidate interface com.br.chatbotplatformskeleton.repository.TeamRoleRepository; If you want this repository to be a Redis repository, consider annotating your entities with one of these annotations: org.springframework.data.redis.core.RedisHash (preferred), or consider extending one of the following types with your repository: org.springframework.data.keyvalue.repository.KeyValueRepository
2026-05-03T00:20:29.975-03:00  INFO 75904 --- [chatbot-platform-skeleton] [main] .RepositoryConfigurationExtensionSupport : Spring Data Redis - Could not safely identify store assignment for repository candidate interface com.br.chatbotplatformskeleton.repository.TwoFactorAuthRepository; If you want this repository to be a Redis repository, consider annotating your entities with one of these annotations: org.springframework.data.redis.core.RedisHash (preferred), or consider extending one of the following types with your repository: org.springframework.data.keyvalue.repository.KeyValueRepository
2026-05-03T00:20:29.976-03:00  INFO 75904 --- [chatbot-platform-skeleton] [main] .RepositoryConfigurationExtensionSupport : Spring Data Redis - Could not safely identify store assignment for repository candidate interface com.br.chatbotplatformskeleton.repository.UserRepository; If you want this repository to be a Redis repository, consider annotating your entities with one of these annotations: org.springframework.data.redis.core.RedisHash (preferred), or consider extending one of the following types with your repository: org.springframework.data.keyvalue.repository.KeyValueRepository
2026-05-03T00:20:29.977-03:00  INFO 75904 --- [chatbot-platform-skeleton] [main] .s.d.r.c.RepositoryConfigurationDelegate : Finished Spring Data repository scanning in 21 ms. Found 0 Redis repository interfaces.
2026-05-03T00:20:30.656-03:00  WARN 75904 --- [chatbot-platform-skeleton] [main] trationDelegate$BeanPostProcessorChecker : Bean 'org.springframework.boot.actuate.autoconfigure.observation.ObservationAutoConfiguration' of type [org.springframework.boot.actuate.autoconfigure.observation.ObservationAutoConfiguration] is not eligible for getting processed by all BeanPostProcessors (for example: not eligible for auto-proxying). Is this bean getting eagerly injected into a currently created BeanPostProcessor [meterRegistryPostProcessor]? Check the corresponding BeanPostProcessor declaration and its dependencies.
2026-05-03T00:20:30.662-03:00  WARN 75904 --- [chatbot-platform-skeleton] [main] trationDelegate$BeanPostProcessorChecker : Bean 'observationRegistry' of type [io.micrometer.observation.SimpleObservationRegistry] is not eligible for getting processed by all BeanPostProcessors (for example: not eligible for auto-proxying). Is this bean getting eagerly injected into a currently created BeanPostProcessor [meterRegistryPostProcessor]? Check the corresponding BeanPostProcessor declaration and its dependencies.
2026-05-03T00:20:31.146-03:00  INFO 75904 --- [chatbot-platform-skeleton] [main] o.s.b.w.embedded.tomcat.TomcatWebServer  : Tomcat initialized with port 8080 (http)
2026-05-03T00:20:31.159-03:00  INFO 75904 --- [chatbot-platform-skeleton] [main] o.apache.catalina.core.StandardService   : Starting service [Tomcat]
2026-05-03T00:20:31.160-03:00  INFO 75904 --- [chatbot-platform-skeleton] [main] o.apache.catalina.core.StandardEngine    : Starting Servlet engine: [Apache Tomcat/10.1.19]
2026-05-03T00:20:31.234-03:00  INFO 75904 --- [chatbot-platform-skeleton] [main] o.a.c.c.C.[Tomcat].[localhost].[/]       : Initializing Spring embedded WebApplicationContext
2026-05-03T00:20:31.234-03:00  INFO 75904 --- [chatbot-platform-skeleton] [main] w.s.c.ServletWebServerApplicationContext : Root WebApplicationContext: initialization completed in 3248 ms
2026-05-03T00:20:31.451-03:00 DEBUG 75904 --- [chatbot-platform-skeleton] [main] c.b.c.filter.RateLimitingFilter          : Filter 'rateLimitingFilter' configured for use
2026-05-03T00:20:31.451-03:00 DEBUG 75904 --- [chatbot-platform-skeleton] [main] c.b.c.filter.CorsFilter                  : Filter 'corsFilter' configured for use
2026-05-03T00:20:31.622-03:00  INFO 75904 --- [chatbot-platform-skeleton] [main] o.hibernate.jpa.internal.util.LogHelper  : HHH000204: Processing PersistenceUnitInfo [name: default]
2026-05-03T00:20:31.680-03:00  INFO 75904 --- [chatbot-platform-skeleton] [main] org.hibernate.Version                    : HHH000412: Hibernate ORM core version 6.4.4.Final
2026-05-03T00:20:31.716-03:00  INFO 75904 --- [chatbot-platform-skeleton] [main] o.h.c.internal.RegionFactoryInitiator    : HHH000026: Second-level cache disabled
2026-05-03T00:20:31.951-03:00  INFO 75904 --- [chatbot-platform-skeleton] [main] o.s.o.j.p.SpringPersistenceUnitInfo      : No LoadTimeWeaver setup: ignoring JPA class transformer
2026-05-03T00:20:31.979-03:00  INFO 75904 --- [chatbot-platform-skeleton] [main] com.zaxxer.hikari.HikariDataSource       : HikariPool-1 - Starting...
2026-05-03T00:20:32.156-03:00  INFO 75904 --- [chatbot-platform-skeleton] [main] com.zaxxer.hikari.pool.HikariPool        : HikariPool-1 - Added connection com.mysql.cj.jdbc.ConnectionImpl@3494a35e
2026-05-03T00:20:32.160-03:00  INFO 75904 --- [chatbot-platform-skeleton] [main] com.zaxxer.hikari.HikariDataSource       : HikariPool-1 - Start completed.
2026-05-03T00:20:32.217-03:00  WARN 75904 --- [chatbot-platform-skeleton] [main] org.hibernate.orm.deprecation            : HHH90000025: MySQL8Dialect does not need to be specified explicitly using 'hibernate.dialect' (remove the property setting and it will be selected by default)
2026-05-03T00:20:32.218-03:00  WARN 75904 --- [chatbot-platform-skeleton] [main] org.hibernate.orm.deprecation            : HHH90000026: MySQL8Dialect has been deprecated; use org.hibernate.dialect.MySQLDialect instead
2026-05-03T00:20:33.427-03:00  INFO 75904 --- [chatbot-platform-skeleton] [main] o.h.e.t.j.p.i.JtaPlatformInitiator       : HHH000489: No JTA platform available (set 'hibernate.transaction.jta.platform' to enable JTA platform integration)
2026-05-03T00:20:33.645-03:00  INFO 75904 --- [chatbot-platform-skeleton] [main] j.LocalContainerEntityManagerFactoryBean : Initialized JPA EntityManagerFactory for persistence unit 'default'
2026-05-03T00:20:34.178-03:00  INFO 75904 --- [chatbot-platform-skeleton] [main] o.s.d.j.r.query.QueryEnhancerFactory     : Hibernate is in classpath; If applicable, HQL parser will be used.
2026-05-03T00:20:34.944-03:00  INFO 75904 --- [chatbot-platform-skeleton] [main] eAuthenticationProviderManagerConfigurer : Global AuthenticationManager configured with AuthenticationProvider bean with name authenticationProvider
2026-05-03T00:20:34.945-03:00  WARN 75904 --- [chatbot-platform-skeleton] [main] r$InitializeUserDetailsManagerConfigurer : Global AuthenticationManager configured with an AuthenticationProvider bean. UserDetailsService beans will not be used for username/password login. Consider removing the AuthenticationProvider bean. Alternatively, consider using the UserDetailsService in a manually instantiated DaoAuthenticationProvider.
2026-05-03T00:20:36.073-03:00  WARN 75904 --- [chatbot-platform-skeleton] [main] JpaBaseConfiguration$JpaWebConfiguration : spring.jpa.open-in-view is enabled by default. Therefore, database queries may be performed during view rendering. Explicitly configure spring.jpa.open-in-view to disable this warning
2026-05-03T00:20:36.469-03:00  INFO 75904 --- [chatbot-platform-skeleton] [main] o.s.b.a.e.web.EndpointLinksResolver      : Exposing 5 endpoint(s) beneath base path '/actuator'
2026-05-03T00:20:37.291-03:00  INFO 75904 --- [chatbot-platform-skeleton] [main] o.s.b.w.embedded.tomcat.TomcatWebServer  : Tomcat started on port 8080 (http) with context path ''
2026-05-03T00:20:37.306-03:00  INFO 75904 --- [chatbot-platform-skeleton] [main] c.b.c.ChatbotPlatformSkeletonApplication : Started ChatbotPlatformSkeletonApplication in 9.919 seconds (process running for 10.394)
2026-05-03T00:20:37.466-03:00  INFO 75904 --- [chatbot-platform-skeleton] [main] c.b.c.config.DataInitializer             : Application data initialized successfully
2026-05-03T00:20:47.615-03:00  INFO 75904 --- [chatbot-platform-skeleton] [http-nio-8080-exec-1] o.a.c.c.C.[Tomcat].[localhost].[/]       : Initializing Spring DispatcherServlet 'dispatcherServlet'
2026-05-03T00:20:47.615-03:00  INFO 75904 --- [chatbot-platform-skeleton] [http-nio-8080-exec-1] o.s.web.servlet.DispatcherServlet        : Initializing Servlet 'dispatcherServlet'
2026-05-03T00:20:47.618-03:00  INFO 75904 --- [chatbot-platform-skeleton] [http-nio-8080-exec-1] o.s.web.servlet.DispatcherServlet        : Completed initialization in 3 ms
2026-05-03T00:20:47.691-03:00 DEBUG 75904 --- [chatbot-platform-skeleton] [http-nio-8080-exec-2] c.b.c.service.RateLimitService           : Rate limit check passed for IP: 0:0:0:0:0:0:0:1 (remaining: 4)
2026-05-03T00:20:47.829-03:00 DEBUG 75904 --- [chatbot-platform-skeleton] [http-nio-8080-exec-2] c.b.c.aop.InputValidationAspect          : Input validation started for method: login
2026-05-03T00:20:55.870-03:00  INFO 75904 --- [chatbot-platform-skeleton] [http-nio-8080-exec-9] c.b.c.service.BotService                 : Listing all bots
2026-05-03T00:20:57.321-03:00  INFO 75904 --- [chatbot-platform-skeleton] [http-nio-8080-exec-10] c.b.c.service.BotService                 : Listing all bots
2026-05-03T00:20:57.367-03:00 DEBUG 75904 --- [chatbot-platform-skeleton] [http-nio-8080-exec-2] c.b.c.service.ConversationService        : Finding conversations for bot: 1
2026-05-03T00:21:33.270-03:00 DEBUG 75904 --- [chatbot-platform-skeleton] [http-nio-8080-exec-4] c.b.c.service.ConversationService        : Finding conversations for bot: 2
2026-05-03T00:21:34.038-03:00 DEBUG 75904 --- [chatbot-platform-skeleton] [http-nio-8080-exec-6] c.b.c.service.ConversationService        : Finding conversations for bot: 3
2026-05-03T00:21:34.542-03:00 DEBUG 75904 --- [chatbot-platform-skeleton] [http-nio-8080-exec-8] c.b.c.service.ConversationService        : Finding conversations for bot: 5
2026-05-03T00:21:35.377-03:00 DEBUG 75904 --- [chatbot-platform-skeleton] [http-nio-8080-exec-10] c.b.c.service.ConversationService        : Finding conversations for bot: 7
2026-05-03T00:21:35.803-03:00 DEBUG 75904 --- [chatbot-platform-skeleton] [http-nio-8080-exec-2] c.b.c.service.ConversationService        : Finding conversations for bot: 8
2026-05-03T00:21:41.735-03:00 DEBUG 75904 --- [chatbot-platform-skeleton] [http-nio-8080-exec-3] c.b.c.service.ConversationService        : Finding conversations for bot: 7
2026-05-03T00:21:46.180-03:00 DEBUG 75904 --- [chatbot-platform-skeleton] [http-nio-8080-exec-4] c.b.c.service.ConversationService        : Finding conversations for bot: 3
2026-05-03T00:21:49.606-03:00 DEBUG 75904 --- [chatbot-platform-skeleton] [http-nio-8080-exec-5] c.b.c.service.ConversationService        : Finding conversations for bot: 2
2026-05-03T00:21:50.333-03:00 DEBUG 75904 --- [chatbot-platform-skeleton] [http-nio-8080-exec-6] c.b.c.service.ConversationService        : Finding conversations for bot: 1
2026-05-03T00:21:51.067-03:00 DEBUG 75904 --- [chatbot-platform-skeleton] [http-nio-8080-exec-7] c.b.c.service.ConversationService        : Finding conversations for bot: 3
2026-05-03T00:21:52.535-03:00 DEBUG 75904 --- [chatbot-platform-skeleton] [http-nio-8080-exec-8] c.b.c.service.ConversationService        : Finding conversations for bot: 8
2026-05-03T00:23:53.761-03:00  INFO 75904 --- [chatbot-platform-skeleton] [http-nio-8080-exec-5] c.b.c.service.BotService                 : Listing all bots
2026-05-03T00:23:53.796-03:00 DEBUG 75904 --- [chatbot-platform-skeleton] [http-nio-8080-exec-8] c.b.c.service.ConversationService        : Finding conversations for bot: 1
2026-05-03T00:24:02.199-03:00  INFO 75904 --- [chatbot-platform-skeleton] [http-nio-8080-exec-10] c.b.c.service.BotService                 : Listing all bots
2026-05-03T00:24:11.827-03:00  INFO 75904 --- [chatbot-platform-skeleton] [http-nio-8080-exec-1] c.b.c.service.BotService                 : Listing all bots
2026-05-03T00:24:11.860-03:00 DEBUG 75904 --- [chatbot-platform-skeleton] [http-nio-8080-exec-9] c.b.c.service.ConversationService        : Finding conversations for bot: 1
2026-05-03T00:24:13.365-03:00 DEBUG 75904 --- [chatbot-platform-skeleton] [http-nio-8080-exec-3] c.b.c.aop.InputValidationAspect          : Input validation started for method: createConversation
2026-05-03T00:24:13.365-03:00 DEBUG 75904 --- [chatbot-platform-skeleton] [http-nio-8080-exec-3] c.b.c.aop.InputValidationAspect          : ConversationDto sanitized successfully
2026-05-03T00:24:13.374-03:00  INFO 75904 --- [chatbot-platform-skeleton] [http-nio-8080-exec-3] c.b.c.service.ConversationService        : Creating conversation for user: 1 and bot: 1
2026-05-03T00:24:13.436-03:00  INFO 75904 --- [chatbot-platform-skeleton] [http-nio-8080-exec-3] c.b.c.service.ConversationService        : Conversation created successfully with id: 13
2026-05-03T00:24:13.502-03:00 DEBUG 75904 --- [chatbot-platform-skeleton] [http-nio-8080-exec-2] c.b.c.service.ConversationService        : Finding conversation with id: 13
2026-05-03T00:24:13.532-03:00 DEBUG 75904 --- [chatbot-platform-skeleton] [http-nio-8080-exec-10] c.b.c.service.BotService                 : Finding bot with id: 1
2026-05-03T00:24:17.110-03:00 DEBUG 75904 --- [chatbot-platform-skeleton] [http-nio-8080-exec-9] c.b.c.aop.InputValidationAspect          : Input validation started for method: exchangeMessage
2026-05-03T00:24:28.092-03:00 DEBUG 75904 --- [chatbot-platform-skeleton] [http-nio-8080-exec-4] c.b.c.aop.InputValidationAspect          : Input validation started for method: exchangeMessage
2026-05-03T00:24:36.675-03:00  INFO 75904 --- [chatbot-platform-skeleton] [http-nio-8080-exec-3] c.b.c.service.BotService                 : Listing all bots
2026-05-03T00:24:36.706-03:00 DEBUG 75904 --- [chatbot-platform-skeleton] [http-nio-8080-exec-6] c.b.c.service.ConversationService        : Finding conversations for bot: 1
2026-05-03T00:25:10.867-03:00  INFO 75904 --- [chatbot-platform-skeleton] [SpringApplicationShutdownHook] j.LocalContainerEntityManagerFactoryBean : Closing JPA EntityManagerFactory for persistence unit 'default'
2026-05-03T00:25:10.869-03:00  INFO 75904 --- [chatbot-platform-skeleton] [SpringApplicationShutdownHook] com.zaxxer.hikari.HikariDataSource       : HikariPool-1 - Shutdown initiated...
2026-05-03T00:25:10.878-03:00  INFO 75904 --- [chatbot-platform-skeleton] [SpringApplicationShutdownHook] com.zaxxer.hikari.HikariDataSource       : HikariPool-1 - Shutdown completed.
